2021-06-27 05:00:12,288 [Worker-5: Loading available Gradle versions] INFO  o.e.b.c.i.u.g.PublishedGradleVersions - Gradle version information cache is up-to-date. Trying to read.
2021-06-27 05:04:18,886 [Worker-3: Loading available Gradle versions] INFO  o.e.b.c.i.u.g.PublishedGradleVersions - Gradle version information cache is up-to-date. Trying to read.
2021-06-27 05:05:15,219 [Worker-8: Importing Maven projects] INFO  o.e.m.c.i.l.LifecycleMappingFactory - Using org.eclipse.m2e.jdt.JarLifecycleMapping lifecycle mapping for MavenProject: br.com.erudio:rest-with-spring-boot-udemy:0.0.1-SNAPSHOT @ D:\ApiRest do zero a AWS - Leandro - Udemy\projetos\UdemySpringBootLeandro\RestWithSpringBootUdemy\ProjetoInicial\rest-with-spring-boot-udemy\pom.xml.
2021-06-27 05:05:20,797 [Worker-8: Importing Maven projects] INFO  o.e.m.j.i.AbstractJavaProjectConfigurator - Adding source folder /rest-with-spring-boot-udemy/src/main/java
2021-06-27 05:05:20,798 [Worker-8: Importing Maven projects] INFO  o.e.m.j.i.AbstractJavaProjectConfigurator - Adding resource folder /rest-with-spring-boot-udemy/src/main/resources
2021-06-27 05:05:20,798 [Worker-8: Importing Maven projects] INFO  o.e.m.j.i.AbstractJavaProjectConfigurator - Adding resource folder /rest-with-spring-boot-udemy/src/main/resources
2021-06-27 05:05:20,800 [Worker-8: Importing Maven projects] INFO  o.e.m.j.i.AbstractJavaProjectConfigurator - Adding source folder /rest-with-spring-boot-udemy/src/test/java
2021-06-27 05:05:21,442 [Worker-8: Importing Maven projects] INFO  o.e.m.c.i.p.ProjectConfigurationManager - Imported and configured 1 project(s) in 13 sec
2021-06-27 05:05:27,698 [Worker-5: Building] INFO  o.e.m.c.i.embedder.EclipseLogger - Using 'UTF-8' encoding to copy filtered resources.
2021-06-27 05:05:27,698 [Worker-5: Building] INFO  o.e.m.c.i.embedder.EclipseLogger - Using 'UTF-8' encoding to copy filtered properties files.
2021-06-27 05:05:27,751 [Worker-5: Building] INFO  o.e.m.c.i.embedder.EclipseLogger - Copying 1 resource
2021-06-27 05:05:27,778 [Worker-5: Building] INFO  o.e.m.c.i.embedder.EclipseLogger - Copying 0 resource
2021-06-27 05:05:27,783 [Worker-5: Building] INFO  o.e.m.c.i.embedder.EclipseLogger - Using 'UTF-8' encoding to copy filtered resources.
2021-06-27 05:05:27,783 [Worker-5: Building] INFO  o.e.m.c.i.embedder.EclipseLogger - Using 'UTF-8' encoding to copy filtered properties files.
2021-06-27 05:05:27,783 [Worker-5: Building] INFO  o.e.m.c.i.embedder.EclipseLogger - skip non existing resourceDirectory D:\ApiRest do zero a AWS - Leandro - Udemy\projetos\UdemySpringBootLeandro\RestWithSpringBootUdemy\ProjetoInicial\rest-with-spring-boot-udemy\src\test\resources
2021-06-27 05:09:18,574 [Worker-8: Building] INFO  o.e.m.c.i.embedder.EclipseLogger - Using 'UTF-8' encoding to copy filtered resources.
2021-06-27 05:09:18,574 [Worker-8: Building] INFO  o.e.m.c.i.embedder.EclipseLogger - Using 'UTF-8' encoding to copy filtered properties files.
2021-06-27 05:09:18,575 [Worker-8: Building] INFO  o.e.m.c.i.embedder.EclipseLogger - Copying 0 resource
2021-06-27 05:09:18,576 [Worker-8: Building] INFO  o.e.m.c.i.embedder.EclipseLogger - Copying 0 resource
2021-06-27 05:09:18,579 [Worker-8: Building] INFO  o.e.m.c.i.embedder.EclipseLogger - Using 'UTF-8' encoding to copy filtered resources.
2021-06-27 05:09:18,579 [Worker-8: Building] INFO  o.e.m.c.i.embedder.EclipseLogger - Using 'UTF-8' encoding to copy filtered properties files.
2021-06-27 05:09:18,579 [Worker-8: Building] INFO  o.e.m.c.i.embedder.EclipseLogger - skip non existing resourceDirectory D:\ApiRest do zero a AWS - Leandro - Udemy\projetos\UdemySpringBootLeandro\RestWithSpringBootUdemy\ProjetoInicial\rest-with-spring-boot-udemy\src\test\resources
2021-06-27 05:48:23,635 [Worker-13: Building] INFO  o.e.m.c.i.embedder.EclipseLogger - Using 'UTF-8' encoding to copy filtered resources.
2021-06-27 05:48:23,637 [Worker-13: Building] INFO  o.e.m.c.i.embedder.EclipseLogger - Using 'UTF-8' encoding to copy filtered properties files.
2021-06-27 05:48:23,641 [Worker-13: Building] INFO  o.e.m.c.i.embedder.EclipseLogger - Copying 1 resource
2021-06-27 05:48:23,788 [Worker-13: Building] INFO  o.e.m.c.i.embedder.EclipseLogger - Copying 0 resource
2021-06-27 05:48:23,794 [Worker-13: Building] INFO  o.e.m.c.i.embedder.EclipseLogger - Using 'UTF-8' encoding to copy filtered resources.
2021-06-27 05:48:23,794 [Worker-13: Building] INFO  o.e.m.c.i.embedder.EclipseLogger - Using 'UTF-8' encoding to copy filtered properties files.
2021-06-27 05:48:23,794 [Worker-13: Building] INFO  o.e.m.c.i.embedder.EclipseLogger - skip non existing resourceDirectory D:\ApiRest do zero a AWS - Leandro - Udemy\projetos\UdemySpringBootLeandro\RestWithSpringBootUdemy\ProjetoInicial\rest-with-spring-boot-udemy\src\test\resources
2021-06-27 05:49:34,656 [Worker-17: Building] INFO  o.e.m.c.i.embedder.EclipseLogger - Using 'UTF-8' encoding to copy filtered resources.
2021-06-27 05:49:34,656 [Worker-17: Building] INFO  o.e.m.c.i.embedder.EclipseLogger - Using 'UTF-8' encoding to copy filtered properties files.
2021-06-27 05:49:34,657 [Worker-17: Building] INFO  o.e.m.c.i.embedder.EclipseLogger - Copying 1 resource
2021-06-27 05:49:34,726 [Worker-17: Building] INFO  o.e.m.c.i.embedder.EclipseLogger - Copying 0 resource
2021-06-27 05:49:34,730 [Worker-17: Building] INFO  o.e.m.c.i.embedder.EclipseLogger - Using 'UTF-8' encoding to copy filtered resources.
2021-06-27 05:49:34,730 [Worker-17: Building] INFO  o.e.m.c.i.embedder.EclipseLogger - Using 'UTF-8' encoding to copy filtered properties files.
2021-06-27 05:49:34,730 [Worker-17: Building] INFO  o.e.m.c.i.embedder.EclipseLogger - skip non existing resourceDirectory D:\ApiRest do zero a AWS - Leandro - Udemy\projetos\UdemySpringBootLeandro\RestWithSpringBootUdemy\ProjetoInicial\rest-with-spring-boot-udemy\src\test\resources
2021-06-28 02:43:31,077 [Worker-2: Loading available Gradle versions] INFO  o.e.b.c.i.u.g.PublishedGradleVersions - Gradle version information cache is up-to-date. Trying to read.
2021-06-28 02:51:47,092 [Worker-12: Building] INFO  o.e.m.c.i.l.LifecycleMappingFactory - Using org.eclipse.m2e.jdt.JarLifecycleMapping lifecycle mapping for MavenProject: br.com.erudio:rest-with-spring-boot-udemy:0.0.1-SNAPSHOT @ D:\ApiRest do zero a AWS - Leandro - Udemy\projetos\UdemySpringBootLeandro\RestWithSpringBootUdemy\ProjetoInicial\rest-with-spring-boot-udemy - calculadora\pom.xml.
2021-06-28 02:51:54,400 [Worker-12: Building] INFO  o.e.m.c.i.embedder.EclipseLogger - Using 'UTF-8' encoding to copy filtered resources.
2021-06-28 02:51:54,400 [Worker-12: Building] INFO  o.e.m.c.i.embedder.EclipseLogger - Using 'UTF-8' encoding to copy filtered properties files.
2021-06-28 02:51:54,420 [Worker-12: Building] INFO  o.e.m.c.i.embedder.EclipseLogger - Copying 1 resource
2021-06-28 02:51:54,471 [Worker-12: Building] INFO  o.e.m.c.i.embedder.EclipseLogger - Copying 0 resource
2021-06-28 02:51:54,475 [Worker-12: Building] INFO  o.e.m.c.i.embedder.EclipseLogger - Using 'UTF-8' encoding to copy filtered resources.
2021-06-28 02:51:54,475 [Worker-12: Building] INFO  o.e.m.c.i.embedder.EclipseLogger - Using 'UTF-8' encoding to copy filtered properties files.
2021-06-28 02:51:54,475 [Worker-12: Building] INFO  o.e.m.c.i.embedder.EclipseLogger - skip non existing resourceDirectory D:\ApiRest do zero a AWS - Leandro - Udemy\projetos\UdemySpringBootLeandro\RestWithSpringBootUdemy\ProjetoInicial\rest-with-spring-boot-udemy - calculadora\src\test\resources
2021-06-28 02:51:56,391 [Worker-14: Building] INFO  o.e.m.c.i.embedder.EclipseLogger - Using 'UTF-8' encoding to copy filtered resources.
2021-06-28 02:51:56,391 [Worker-14: Building] INFO  o.e.m.c.i.embedder.EclipseLogger - Using 'UTF-8' encoding to copy filtered properties files.
2021-06-28 02:51:56,396 [Worker-14: Building] INFO  o.e.m.c.i.embedder.EclipseLogger - Copying 1 resource
2021-06-28 02:51:56,398 [Worker-14: Building] INFO  o.e.m.c.i.embedder.EclipseLogger - Copying 0 resource
2021-06-28 02:51:56,401 [Worker-14: Building] INFO  o.e.m.c.i.embedder.EclipseLogger - Using 'UTF-8' encoding to copy filtered resources.
2021-06-28 02:51:56,401 [Worker-14: Building] INFO  o.e.m.c.i.embedder.EclipseLogger - Using 'UTF-8' encoding to copy filtered properties files.
2021-06-28 02:51:56,402 [Worker-14: Building] INFO  o.e.m.c.i.embedder.EclipseLogger - skip non existing resourceDirectory D:\ApiRest do zero a AWS - Leandro - Udemy\projetos\UdemySpringBootLeandro\RestWithSpringBootUdemy\ProjetoInicial\rest-with-spring-boot-udemy - calculadora\src\test\resources
2021-06-28 03:12:33,325 [Worker-22: Building] INFO  o.e.m.c.i.embedder.EclipseLogger - Using 'UTF-8' encoding to copy filtered resources.
2021-06-28 03:12:33,326 [Worker-22: Building] INFO  o.e.m.c.i.embedder.EclipseLogger - Using 'UTF-8' encoding to copy filtered properties files.
2021-06-28 03:12:33,327 [Worker-22: Building] INFO  o.e.m.c.i.embedder.EclipseLogger - Copying 1 resource
2021-06-28 03:12:33,360 [Worker-22: Building] INFO  o.e.m.c.i.embedder.EclipseLogger - Copying 0 resource
2021-06-28 03:12:33,366 [Worker-22: Building] INFO  o.e.m.c.i.embedder.EclipseLogger - Using 'UTF-8' encoding to copy filtered resources.
2021-06-28 03:12:33,366 [Worker-22: Building] INFO  o.e.m.c.i.embedder.EclipseLogger - Using 'UTF-8' encoding to copy filtered properties files.
2021-06-28 03:12:33,366 [Worker-22: Building] INFO  o.e.m.c.i.embedder.EclipseLogger - skip non existing resourceDirectory D:\ApiRest do zero a AWS - Leandro - Udemy\projetos\UdemySpringBootLeandro\RestWithSpringBootUdemy\ProjetoInicial\rest-with-spring-boot-udemy - calculadora\src\test\resources
2021-06-28 03:53:02,082 [Worker-28: Launching rest-with-spring-boot-udemy - calculadora - RestWithSpringBootUdemyApplication] INFO  o.e.m.c.i.embedder.EclipseLogger - Using 'UTF-8' encoding to copy filtered resources.
2021-06-28 03:53:02,083 [Worker-28: Launching rest-with-spring-boot-udemy - calculadora - RestWithSpringBootUdemyApplication] INFO  o.e.m.c.i.embedder.EclipseLogger - Using 'UTF-8' encoding to copy filtered properties files.
2021-06-28 03:53:02,084 [Worker-28: Launching rest-with-spring-boot-udemy - calculadora - RestWithSpringBootUdemyApplication] INFO  o.e.m.c.i.embedder.EclipseLogger - Copying 1 resource
2021-06-28 03:53:02,118 [Worker-28: Launching rest-with-spring-boot-udemy - calculadora - RestWithSpringBootUdemyApplication] INFO  o.e.m.c.i.embedder.EclipseLogger - Copying 0 resource
2021-06-28 03:53:02,122 [Worker-28: Launching rest-with-spring-boot-udemy - calculadora - RestWithSpringBootUdemyApplication] INFO  o.e.m.c.i.embedder.EclipseLogger - Using 'UTF-8' encoding to copy filtered resources.
2021-06-28 03:53:02,122 [Worker-28: Launching rest-with-spring-boot-udemy - calculadora - RestWithSpringBootUdemyApplication] INFO  o.e.m.c.i.embedder.EclipseLogger - Using 'UTF-8' encoding to copy filtered properties files.
2021-06-28 03:53:02,122 [Worker-28: Launching rest-with-spring-boot-udemy - calculadora - RestWithSpringBootUdemyApplication] INFO  o.e.m.c.i.embedder.EclipseLogger - skip non existing resourceDirectory D:\ApiRest do zero a AWS - Leandro - Udemy\projetos\UdemySpringBootLeandro\RestWithSpringBootUdemy\ProjetoInicial\rest-with-spring-boot-udemy - calculadora\src\test\resources
2021-06-28 03:54:22,374 [Worker-34: Building] INFO  o.e.m.c.i.embedder.EclipseLogger - Using 'UTF-8' encoding to copy filtered resources.
2021-06-28 03:54:22,374 [Worker-34: Building] INFO  o.e.m.c.i.embedder.EclipseLogger - Using 'UTF-8' encoding to copy filtered properties files.
2021-06-28 03:54:22,375 [Worker-34: Building] INFO  o.e.m.c.i.embedder.EclipseLogger - Copying 1 resource
2021-06-28 03:54:22,410 [Worker-34: Building] INFO  o.e.m.c.i.embedder.EclipseLogger - Copying 0 resource
2021-06-28 03:54:22,436 [Worker-34: Building] INFO  o.e.m.c.i.embedder.EclipseLogger - Using 'UTF-8' encoding to copy filtered resources.
2021-06-28 03:54:22,437 [Worker-34: Building] INFO  o.e.m.c.i.embedder.EclipseLogger - Using 'UTF-8' encoding to copy filtered properties files.
2021-06-28 03:54:22,438 [Worker-34: Building] INFO  o.e.m.c.i.embedder.EclipseLogger - skip non existing resourceDirectory D:\ApiRest do zero a AWS - Leandro - Udemy\projetos\UdemySpringBootLeandro\RestWithSpringBootUdemy\ProjetoInicial\rest-with-spring-boot-udemy - calculadora\src\test\resources
2021-06-28 03:58:09,996 [Worker-38: Building] INFO  o.e.m.c.i.embedder.EclipseLogger - Using 'UTF-8' encoding to copy filtered resources.
2021-06-28 03:58:09,997 [Worker-38: Building] INFO  o.e.m.c.i.embedder.EclipseLogger - Using 'UTF-8' encoding to copy filtered properties files.
2021-06-28 03:58:09,997 [Worker-38: Building] INFO  o.e.m.c.i.embedder.EclipseLogger - Copying 1 resource
2021-06-28 03:58:10,012 [Worker-38: Building] INFO  o.e.m.c.i.embedder.EclipseLogger - Copying 0 resource
2021-06-28 03:58:10,018 [Worker-38: Building] INFO  o.e.m.c.i.embedder.EclipseLogger - Using 'UTF-8' encoding to copy filtered resources.
2021-06-28 03:58:10,020 [Worker-38: Building] INFO  o.e.m.c.i.embedder.EclipseLogger - Using 'UTF-8' encoding to copy filtered properties files.
2021-06-28 03:58:10,020 [Worker-38: Building] INFO  o.e.m.c.i.embedder.EclipseLogger - skip non existing resourceDirectory D:\ApiRest do zero a AWS - Leandro - Udemy\projetos\UdemySpringBootLeandro\RestWithSpringBootUdemy\ProjetoInicial\rest-with-spring-boot-udemy - calculadora\src\test\resources
2021-06-28 04:10:52,485 [Worker-40: Building] INFO  o.e.m.c.i.embedder.EclipseLogger - Using 'UTF-8' encoding to copy filtered resources.
2021-06-28 04:10:52,485 [Worker-40: Building] INFO  o.e.m.c.i.embedder.EclipseLogger - Using 'UTF-8' encoding to copy filtered properties files.
2021-06-28 04:10:52,486 [Worker-40: Building] INFO  o.e.m.c.i.embedder.EclipseLogger - Copying 1 resource
2021-06-28 04:10:52,506 [Worker-40: Building] INFO  o.e.m.c.i.embedder.EclipseLogger - Copying 0 resource
2021-06-28 04:10:52,513 [Worker-40: Building] INFO  o.e.m.c.i.embedder.EclipseLogger - Using 'UTF-8' encoding to copy filtered resources.
2021-06-28 04:10:52,513 [Worker-40: Building] INFO  o.e.m.c.i.embedder.EclipseLogger - Using 'UTF-8' encoding to copy filtered properties files.
2021-06-28 04:10:52,513 [Worker-40: Building] INFO  o.e.m.c.i.embedder.EclipseLogger - skip non existing resourceDirectory D:\ApiRest do zero a AWS - Leandro - Udemy\projetos\UdemySpringBootLeandro\RestWithSpringBootUdemy\ProjetoInicial\rest-with-spring-boot-udemy - calculadora\src\test\resources
2021-06-28 04:12:21,984 [Worker-34: Building] INFO  o.e.m.c.i.embedder.EclipseLogger - Using 'UTF-8' encoding to copy filtered resources.
2021-06-28 04:12:21,987 [Worker-34: Building] INFO  o.e.m.c.i.embedder.EclipseLogger - Using 'UTF-8' encoding to copy filtered properties files.
2021-06-28 04:12:21,988 [Worker-34: Building] INFO  o.e.m.c.i.embedder.EclipseLogger - Copying 1 resource
2021-06-28 04:12:22,038 [Worker-34: Building] INFO  o.e.m.c.i.embedder.EclipseLogger - Copying 0 resource
2021-06-28 04:12:22,042 [Worker-34: Building] INFO  o.e.m.c.i.embedder.EclipseLogger - Using 'UTF-8' encoding to copy filtered resources.
2021-06-28 04:12:22,043 [Worker-34: Building] INFO  o.e.m.c.i.embedder.EclipseLogger - Using 'UTF-8' encoding to copy filtered properties files.
2021-06-28 04:12:22,043 [Worker-34: Building] INFO  o.e.m.c.i.embedder.EclipseLogger - skip non existing resourceDirectory D:\ApiRest do zero a AWS - Leandro - Udemy\projetos\UdemySpringBootLeandro\RestWithSpringBootUdemy\ProjetoInicial\rest-with-spring-boot-udemy - calculadora\src\test\resources
2021-06-28 04:43:01,671 [Worker-39: Building] INFO  o.e.m.c.i.embedder.EclipseLogger - Using 'UTF-8' encoding to copy filtered resources.
2021-06-28 04:43:01,671 [Worker-39: Building] INFO  o.e.m.c.i.embedder.EclipseLogger - Using 'UTF-8' encoding to copy filtered properties files.
2021-06-28 04:43:01,672 [Worker-39: Building] INFO  o.e.m.c.i.embedder.EclipseLogger - Copying 1 resource
2021-06-28 04:43:01,702 [Worker-39: Building] INFO  o.e.m.c.i.embedder.EclipseLogger - Copying 0 resource
2021-06-28 04:43:01,705 [Worker-39: Building] INFO  o.e.m.c.i.embedder.EclipseLogger - Using 'UTF-8' encoding to copy filtered resources.
2021-06-28 04:43:01,705 [Worker-39: Building] INFO  o.e.m.c.i.embedder.EclipseLogger - Using 'UTF-8' encoding to copy filtered properties files.
2021-06-28 04:43:01,705 [Worker-39: Building] INFO  o.e.m.c.i.embedder.EclipseLogger - skip non existing resourceDirectory D:\ApiRest do zero a AWS - Leandro - Udemy\projetos\UdemySpringBootLeandro\RestWithSpringBootUdemy\ProjetoInicial\rest-with-spring-boot-udemy - calculadora\src\test\resources
2021-06-29 02:36:23,091 [Worker-0: Loading available Gradle versions] INFO  o.e.b.c.i.u.g.PublishedGradleVersions - Gradle version information cache is out-of-date. Trying to update.
2021-06-29 02:38:56,282 [Worker-0: Building] INFO  o.e.m.c.i.embedder.EclipseLogger - Using 'UTF-8' encoding to copy filtered resources.
2021-06-29 02:38:56,282 [Worker-0: Building] INFO  o.e.m.c.i.embedder.EclipseLogger - Using 'UTF-8' encoding to copy filtered properties files.
2021-06-29 02:38:56,288 [Worker-0: Building] INFO  o.e.m.c.i.embedder.EclipseLogger - Copying 1 resource
2021-06-29 02:38:56,335 [Worker-0: Building] INFO  o.e.m.c.i.embedder.EclipseLogger - Copying 0 resource
2021-06-29 02:38:56,340 [Worker-0: Building] INFO  o.e.m.c.i.embedder.EclipseLogger - Using 'UTF-8' encoding to copy filtered resources.
2021-06-29 02:38:56,340 [Worker-0: Building] INFO  o.e.m.c.i.embedder.EclipseLogger - Using 'UTF-8' encoding to copy filtered properties files.
2021-06-29 02:38:56,340 [Worker-0: Building] INFO  o.e.m.c.i.embedder.EclipseLogger - skip non existing resourceDirectory D:\ApiRest do zero a AWS - Leandro - Udemy\projetos\UdemySpringBootLeandro\RestWithSpringBootUdemy\ProjetoInicial\rest-with-spring-boot-udemy - calculadora\src\test\resources
2021-06-29 02:40:23,984 [Worker-12: Building] INFO  o.e.m.c.i.embedder.EclipseLogger - Using 'UTF-8' encoding to copy filtered resources.
2021-06-29 02:40:24,063 [Worker-12: Building] INFO  o.e.m.c.i.embedder.EclipseLogger - Using 'UTF-8' encoding to copy filtered properties files.
2021-06-29 02:40:24,087 [Worker-12: Building] INFO  o.e.m.c.i.embedder.EclipseLogger - Copying 1 resource
2021-06-29 02:40:24,128 [Worker-12: Building] INFO  o.e.m.c.i.embedder.EclipseLogger - Copying 0 resource
2021-06-29 02:40:24,138 [Worker-12: Building] INFO  o.e.m.c.i.embedder.EclipseLogger - Using 'UTF-8' encoding to copy filtered resources.
2021-06-29 02:40:24,139 [Worker-12: Building] INFO  o.e.m.c.i.embedder.EclipseLogger - Using 'UTF-8' encoding to copy filtered properties files.
2021-06-29 02:40:24,140 [Worker-12: Building] INFO  o.e.m.c.i.embedder.EclipseLogger - skip non existing resourceDirectory D:\ApiRest do zero a AWS - Leandro - Udemy\projetos\UdemySpringBootLeandro\RestWithSpringBootUdemy\ProjetoInicial\rest-with-spring-boot-udemy - calculadora\src\test\resources
2021-06-29 02:46:39,377 [Worker-13: Building] INFO  o.e.m.c.i.embedder.EclipseLogger - Using 'UTF-8' encoding to copy filtered resources.
2021-06-29 02:46:39,377 [Worker-13: Building] INFO  o.e.m.c.i.embedder.EclipseLogger - Using 'UTF-8' encoding to copy filtered properties files.
2021-06-29 02:46:39,378 [Worker-13: Building] INFO  o.e.m.c.i.embedder.EclipseLogger - Copying 1 resource
2021-06-29 02:46:39,389 [Worker-13: Building] INFO  o.e.m.c.i.embedder.EclipseLogger - Copying 0 resource
2021-06-29 02:46:39,392 [Worker-13: Building] INFO  o.e.m.c.i.embedder.EclipseLogger - Using 'UTF-8' encoding to copy filtered resources.
2021-06-29 02:46:39,393 [Worker-13: Building] INFO  o.e.m.c.i.embedder.EclipseLogger - Using 'UTF-8' encoding to copy filtered properties files.
2021-06-29 02:46:39,393 [Worker-13: Building] INFO  o.e.m.c.i.embedder.EclipseLogger - skip non existing resourceDirectory D:\ApiRest do zero a AWS - Leandro - Udemy\projetos\UdemySpringBootLeandro\RestWithSpringBootUdemy\ProjetoInicial\rest-with-spring-boot-udemy - calculadora\src\test\resources
2021-06-29 02:49:26,734 [Worker-15: Building] INFO  o.e.m.c.i.embedder.EclipseLogger - Using 'UTF-8' encoding to copy filtered resources.
2021-06-29 02:49:26,735 [Worker-15: Building] INFO  o.e.m.c.i.embedder.EclipseLogger - Using 'UTF-8' encoding to copy filtered properties files.
2021-06-29 02:49:26,735 [Worker-15: Building] INFO  o.e.m.c.i.embedder.EclipseLogger - Copying 1 resource
2021-06-29 02:49:26,786 [Worker-15: Building] INFO  o.e.m.c.i.embedder.EclipseLogger - Copying 0 resource
2021-06-29 02:49:26,790 [Worker-15: Building] INFO  o.e.m.c.i.embedder.EclipseLogger - Using 'UTF-8' encoding to copy filtered resources.
2021-06-29 02:49:26,790 [Worker-15: Building] INFO  o.e.m.c.i.embedder.EclipseLogger - Using 'UTF-8' encoding to copy filtered properties files.
2021-06-29 02:49:26,790 [Worker-15: Building] INFO  o.e.m.c.i.embedder.EclipseLogger - skip non existing resourceDirectory D:\ApiRest do zero a AWS - Leandro - Udemy\projetos\UdemySpringBootLeandro\RestWithSpringBootUdemy\ProjetoInicial\rest-with-spring-boot-udemy - calculadora\src\test\resources
2021-06-29 03:03:13,628 [Worker-24: Building] INFO  o.e.m.c.i.embedder.EclipseLogger - Using 'UTF-8' encoding to copy filtered resources.
2021-06-29 03:03:13,629 [Worker-24: Building] INFO  o.e.m.c.i.embedder.EclipseLogger - Using 'UTF-8' encoding to copy filtered properties files.
2021-06-29 03:03:13,630 [Worker-24: Building] INFO  o.e.m.c.i.embedder.EclipseLogger - Copying 1 resource
2021-06-29 03:03:13,655 [Worker-24: Building] INFO  o.e.m.c.i.embedder.EclipseLogger - Copying 0 resource
2021-06-29 03:03:13,659 [Worker-24: Building] INFO  o.e.m.c.i.embedder.EclipseLogger - Using 'UTF-8' encoding to copy filtered resources.
2021-06-29 03:03:13,660 [Worker-24: Building] INFO  o.e.m.c.i.embedder.EclipseLogger - Using 'UTF-8' encoding to copy filtered properties files.
2021-06-29 03:03:13,660 [Worker-24: Building] INFO  o.e.m.c.i.embedder.EclipseLogger - skip non existing resourceDirectory D:\ApiRest do zero a AWS - Leandro - Udemy\projetos\UdemySpringBootLeandro\RestWithSpringBootUdemy\ProjetoInicial\rest-with-spring-boot-udemy - calculadora\src\test\resources
2021-06-29 03:10:00,418 [Worker-30: Building] INFO  o.e.m.c.i.embedder.EclipseLogger - Using 'UTF-8' encoding to copy filtered resources.
2021-06-29 03:10:00,419 [Worker-30: Building] INFO  o.e.m.c.i.embedder.EclipseLogger - Using 'UTF-8' encoding to copy filtered properties files.
2021-06-29 03:10:00,421 [Worker-30: Building] INFO  o.e.m.c.i.embedder.EclipseLogger - Copying 1 resource
2021-06-29 03:10:00,433 [Worker-30: Building] INFO  o.e.m.c.i.embedder.EclipseLogger - Copying 0 resource
2021-06-29 03:10:00,436 [Worker-30: Building] INFO  o.e.m.c.i.embedder.EclipseLogger - Using 'UTF-8' encoding to copy filtered resources.
2021-06-29 03:10:00,437 [Worker-30: Building] INFO  o.e.m.c.i.embedder.EclipseLogger - Using 'UTF-8' encoding to copy filtered properties files.
2021-06-29 03:10:00,437 [Worker-30: Building] INFO  o.e.m.c.i.embedder.EclipseLogger - skip non existing resourceDirectory D:\ApiRest do zero a AWS - Leandro - Udemy\projetos\UdemySpringBootLeandro\RestWithSpringBootUdemy\ProjetoInicial\rest-with-spring-boot-udemy - calculadora\src\test\resources
2021-06-29 03:12:59,260 [Worker-15: Building] INFO  o.e.m.c.i.embedder.EclipseLogger - Using 'UTF-8' encoding to copy filtered resources.
2021-06-29 03:12:59,261 [Worker-15: Building] INFO  o.e.m.c.i.embedder.EclipseLogger - Using 'UTF-8' encoding to copy filtered properties files.
2021-06-29 03:12:59,261 [Worker-15: Building] INFO  o.e.m.c.i.embedder.EclipseLogger - Copying 1 resource
2021-06-29 03:12:59,287 [Worker-15: Building] INFO  o.e.m.c.i.embedder.EclipseLogger - Copying 0 resource
2021-06-29 03:12:59,307 [Worker-15: Building] INFO  o.e.m.c.i.embedder.EclipseLogger - Using 'UTF-8' encoding to copy filtered resources.
2021-06-29 03:12:59,307 [Worker-15: Building] INFO  o.e.m.c.i.embedder.EclipseLogger - Using 'UTF-8' encoding to copy filtered properties files.
2021-06-29 03:12:59,307 [Worker-15: Building] INFO  o.e.m.c.i.embedder.EclipseLogger - skip non existing resourceDirectory D:\ApiRest do zero a AWS - Leandro - Udemy\projetos\UdemySpringBootLeandro\RestWithSpringBootUdemy\ProjetoInicial\rest-with-spring-boot-udemy - calculadora\src\test\resources
2021-06-29 03:16:09,828 [Worker-35: Building] INFO  o.e.m.c.i.embedder.EclipseLogger - Using 'UTF-8' encoding to copy filtered resources.
2021-06-29 03:16:09,829 [Worker-35: Building] INFO  o.e.m.c.i.embedder.EclipseLogger - Using 'UTF-8' encoding to copy filtered properties files.
2021-06-29 03:16:09,830 [Worker-35: Building] INFO  o.e.m.c.i.embedder.EclipseLogger - Copying 1 resource
2021-06-29 03:16:09,857 [Worker-35: Building] INFO  o.e.m.c.i.embedder.EclipseLogger - Copying 0 resource
2021-06-29 03:16:09,867 [Worker-35: Building] INFO  o.e.m.c.i.embedder.EclipseLogger - Using 'UTF-8' encoding to copy filtered resources.
2021-06-29 03:16:09,867 [Worker-35: Building] INFO  o.e.m.c.i.embedder.EclipseLogger - Using 'UTF-8' encoding to copy filtered properties files.
2021-06-29 03:16:09,867 [Worker-35: Building] INFO  o.e.m.c.i.embedder.EclipseLogger - skip non existing resourceDirectory D:\ApiRest do zero a AWS - Leandro - Udemy\projetos\UdemySpringBootLeandro\RestWithSpringBootUdemy\ProjetoInicial\rest-with-spring-boot-udemy - calculadora\src\test\resources
2021-06-29 03:19:00,616 [Worker-31: Launching rest-with-spring-boot-udemy - calculadora - RestWithSpringBootUdemyApplication] INFO  o.e.m.c.i.embedder.EclipseLogger - Using 'UTF-8' encoding to copy filtered resources.
2021-06-29 03:19:00,616 [Worker-31: Launching rest-with-spring-boot-udemy - calculadora - RestWithSpringBootUdemyApplication] INFO  o.e.m.c.i.embedder.EclipseLogger - Using 'UTF-8' encoding to copy filtered properties files.
2021-06-29 03:19:00,617 [Worker-31: Launching rest-with-spring-boot-udemy - calculadora - RestWithSpringBootUdemyApplication] INFO  o.e.m.c.i.embedder.EclipseLogger - Copying 1 resource
2021-06-29 03:19:00,638 [Worker-31: Launching rest-with-spring-boot-udemy - calculadora - RestWithSpringBootUdemyApplication] INFO  o.e.m.c.i.embedder.EclipseLogger - Copying 0 resource
2021-06-29 03:19:00,641 [Worker-31: Launching rest-with-spring-boot-udemy - calculadora - RestWithSpringBootUdemyApplication] INFO  o.e.m.c.i.embedder.EclipseLogger - Using 'UTF-8' encoding to copy filtered resources.
2021-06-29 03:19:00,641 [Worker-31: Launching rest-with-spring-boot-udemy - calculadora - RestWithSpringBootUdemyApplication] INFO  o.e.m.c.i.embedder.EclipseLogger - Using 'UTF-8' encoding to copy filtered properties files.
2021-06-29 03:19:00,641 [Worker-31: Launching rest-with-spring-boot-udemy - calculadora - RestWithSpringBootUdemyApplication] INFO  o.e.m.c.i.embedder.EclipseLogger - skip non existing resourceDirectory D:\ApiRest do zero a AWS - Leandro - Udemy\projetos\UdemySpringBootLeandro\RestWithSpringBootUdemy\ProjetoInicial\rest-with-spring-boot-udemy - calculadora\src\test\resources
2021-06-29 03:52:40,134 [Worker-44: Building] INFO  o.e.m.c.i.embedder.EclipseLogger - Using 'UTF-8' encoding to copy filtered resources.
2021-06-29 03:52:40,135 [Worker-44: Building] INFO  o.e.m.c.i.embedder.EclipseLogger - Using 'UTF-8' encoding to copy filtered properties files.
2021-06-29 03:52:40,135 [Worker-44: Building] INFO  o.e.m.c.i.embedder.EclipseLogger - Copying 1 resource
2021-06-29 03:52:40,164 [Worker-44: Building] INFO  o.e.m.c.i.embedder.EclipseLogger - Copying 0 resource
2021-06-29 03:52:40,168 [Worker-44: Building] INFO  o.e.m.c.i.embedder.EclipseLogger - Using 'UTF-8' encoding to copy filtered resources.
2021-06-29 03:52:40,169 [Worker-44: Building] INFO  o.e.m.c.i.embedder.EclipseLogger - Using 'UTF-8' encoding to copy filtered properties files.
2021-06-29 03:52:40,169 [Worker-44: Building] INFO  o.e.m.c.i.embedder.EclipseLogger - skip non existing resourceDirectory D:\ApiRest do zero a AWS - Leandro - Udemy\projetos\UdemySpringBootLeandro\RestWithSpringBootUdemy\ProjetoInicial\rest-with-spring-boot-udemy - calculadora\src\test\resources
2021-06-29 03:52:56,391 [Worker-47: Building] INFO  o.e.m.c.i.embedder.EclipseLogger - Using 'UTF-8' encoding to copy filtered resources.
2021-06-29 03:52:56,391 [Worker-47: Building] INFO  o.e.m.c.i.embedder.EclipseLogger - Using 'UTF-8' encoding to copy filtered properties files.
2021-06-29 03:52:56,392 [Worker-47: Building] INFO  o.e.m.c.i.embedder.EclipseLogger - Copying 1 resource
2021-06-29 03:52:56,401 [Worker-47: Building] INFO  o.e.m.c.i.embedder.EclipseLogger - Copying 0 resource
2021-06-29 03:52:56,404 [Worker-47: Building] INFO  o.e.m.c.i.embedder.EclipseLogger - Using 'UTF-8' encoding to copy filtered resources.
2021-06-29 03:52:56,404 [Worker-47: Building] INFO  o.e.m.c.i.embedder.EclipseLogger - Using 'UTF-8' encoding to copy filtered properties files.
2021-06-29 03:52:56,404 [Worker-47: Building] INFO  o.e.m.c.i.embedder.EclipseLogger - skip non existing resourceDirectory D:\ApiRest do zero a AWS - Leandro - Udemy\projetos\UdemySpringBootLeandro\RestWithSpringBootUdemy\ProjetoInicial\rest-with-spring-boot-udemy - calculadora\src\test\resources
2021-06-29 04:02:25,417 [Worker-53: Building] INFO  o.e.m.c.i.embedder.EclipseLogger - Using 'UTF-8' encoding to copy filtered resources.
2021-06-29 04:02:25,418 [Worker-53: Building] INFO  o.e.m.c.i.embedder.EclipseLogger - Using 'UTF-8' encoding to copy filtered properties files.
2021-06-29 04:02:25,418 [Worker-53: Building] INFO  o.e.m.c.i.embedder.EclipseLogger - Copying 1 resource
2021-06-29 04:02:25,428 [Worker-53: Building] INFO  o.e.m.c.i.embedder.EclipseLogger - Copying 0 resource
2021-06-29 04:02:25,431 [Worker-53: Building] INFO  o.e.m.c.i.embedder.EclipseLogger - Using 'UTF-8' encoding to copy filtered resources.
2021-06-29 04:02:25,431 [Worker-53: Building] INFO  o.e.m.c.i.embedder.EclipseLogger - Using 'UTF-8' encoding to copy filtered properties files.
2021-06-29 04:02:25,431 [Worker-53: Building] INFO  o.e.m.c.i.embedder.EclipseLogger - skip non existing resourceDirectory D:\ApiRest do zero a AWS - Leandro - Udemy\projetos\UdemySpringBootLeandro\RestWithSpringBootUdemy\ProjetoInicial\rest-with-spring-boot-udemy - calculadora\src\test\resources
2021-06-29 04:06:16,118 [Worker-57: Launching rest-with-spring-boot-udemy - calculadora - RestWithSpringBootUdemyApplication] INFO  o.e.m.c.i.embedder.EclipseLogger - Using 'UTF-8' encoding to copy filtered resources.
2021-06-29 04:06:16,118 [Worker-57: Launching rest-with-spring-boot-udemy - calculadora - RestWithSpringBootUdemyApplication] INFO  o.e.m.c.i.embedder.EclipseLogger - Using 'UTF-8' encoding to copy filtered properties files.
2021-06-29 04:06:16,119 [Worker-57: Launching rest-with-spring-boot-udemy - calculadora - RestWithSpringBootUdemyApplication] INFO  o.e.m.c.i.embedder.EclipseLogger - Copying 1 resource
2021-06-29 04:06:16,139 [Worker-57: Launching rest-with-spring-boot-udemy - calculadora - RestWithSpringBootUdemyApplication] INFO  o.e.m.c.i.embedder.EclipseLogger - Copying 0 resource
2021-06-29 04:06:16,143 [Worker-57: Launching rest-with-spring-boot-udemy - calculadora - RestWithSpringBootUdemyApplication] INFO  o.e.m.c.i.embedder.EclipseLogger - Using 'UTF-8' encoding to copy filtered resources.
2021-06-29 04:06:16,144 [Worker-57: Launching rest-with-spring-boot-udemy - calculadora - RestWithSpringBootUdemyApplication] INFO  o.e.m.c.i.embedder.EclipseLogger - Using 'UTF-8' encoding to copy filtered properties files.
2021-06-29 04:06:16,144 [Worker-57: Launching rest-with-spring-boot-udemy - calculadora - RestWithSpringBootUdemyApplication] INFO  o.e.m.c.i.embedder.EclipseLogger - skip non existing resourceDirectory D:\ApiRest do zero a AWS - Leandro - Udemy\projetos\UdemySpringBootLeandro\RestWithSpringBootUdemy\ProjetoInicial\rest-with-spring-boot-udemy - calculadora\src\test\resources
2021-06-29 04:08:06,115 [Worker-53: Building] INFO  o.e.m.c.i.embedder.EclipseLogger - Using 'UTF-8' encoding to copy filtered resources.
2021-06-29 04:08:06,115 [Worker-53: Building] INFO  o.e.m.c.i.embedder.EclipseLogger - Using 'UTF-8' encoding to copy filtered properties files.
2021-06-29 04:08:06,115 [Worker-53: Building] INFO  o.e.m.c.i.embedder.EclipseLogger - Copying 1 resource
2021-06-29 04:08:06,141 [Worker-53: Building] INFO  o.e.m.c.i.embedder.EclipseLogger - Copying 0 resource
2021-06-29 04:08:06,145 [Worker-53: Building] INFO  o.e.m.c.i.embedder.EclipseLogger - Using 'UTF-8' encoding to copy filtered resources.
2021-06-29 04:08:06,145 [Worker-53: Building] INFO  o.e.m.c.i.embedder.EclipseLogger - Using 'UTF-8' encoding to copy filtered properties files.
2021-06-29 04:08:06,145 [Worker-53: Building] INFO  o.e.m.c.i.embedder.EclipseLogger - skip non existing resourceDirectory D:\ApiRest do zero a AWS - Leandro - Udemy\projetos\UdemySpringBootLeandro\RestWithSpringBootUdemy\ProjetoInicial\rest-with-spring-boot-udemy - calculadora\src\test\resources
2021-06-29 04:12:09,171 [Worker-59: Building] INFO  o.e.m.c.i.embedder.EclipseLogger - Using 'UTF-8' encoding to copy filtered resources.
2021-06-29 04:12:09,171 [Worker-59: Building] INFO  o.e.m.c.i.embedder.EclipseLogger - Using 'UTF-8' encoding to copy filtered properties files.
2021-06-29 04:12:09,172 [Worker-59: Building] INFO  o.e.m.c.i.embedder.EclipseLogger - Copying 1 resource
2021-06-29 04:12:09,182 [Worker-59: Building] INFO  o.e.m.c.i.embedder.EclipseLogger - Copying 0 resource
2021-06-29 04:12:09,185 [Worker-59: Building] INFO  o.e.m.c.i.embedder.EclipseLogger - Using 'UTF-8' encoding to copy filtered resources.
2021-06-29 04:12:09,186 [Worker-59: Building] INFO  o.e.m.c.i.embedder.EclipseLogger - Using 'UTF-8' encoding to copy filtered properties files.
2021-06-29 04:12:09,186 [Worker-59: Building] INFO  o.e.m.c.i.embedder.EclipseLogger - skip non existing resourceDirectory D:\ApiRest do zero a AWS - Leandro - Udemy\projetos\UdemySpringBootLeandro\RestWithSpringBootUdemy\ProjetoInicial\rest-with-spring-boot-udemy - calculadora\src\test\resources
2021-06-29 04:22:17,967 [Worker-63: Building] INFO  o.e.m.c.i.embedder.EclipseLogger - Using 'UTF-8' encoding to copy filtered resources.
2021-06-29 04:22:17,968 [Worker-63: Building] INFO  o.e.m.c.i.embedder.EclipseLogger - Using 'UTF-8' encoding to copy filtered properties files.
2021-06-29 04:22:17,968 [Worker-63: Building] INFO  o.e.m.c.i.embedder.EclipseLogger - Copying 1 resource
2021-06-29 04:22:17,987 [Worker-63: Building] INFO  o.e.m.c.i.embedder.EclipseLogger - Copying 0 resource
2021-06-29 04:22:17,993 [Worker-63: Building] INFO  o.e.m.c.i.embedder.EclipseLogger - Using 'UTF-8' encoding to copy filtered resources.
2021-06-29 04:22:17,993 [Worker-63: Building] INFO  o.e.m.c.i.embedder.EclipseLogger - Using 'UTF-8' encoding to copy filtered properties files.
2021-06-29 04:22:17,993 [Worker-63: Building] INFO  o.e.m.c.i.embedder.EclipseLogger - skip non existing resourceDirectory D:\ApiRest do zero a AWS - Leandro - Udemy\projetos\UdemySpringBootLeandro\RestWithSpringBootUdemy\ProjetoInicial\rest-with-spring-boot-udemy - calculadora\src\test\resources
2021-06-29 19:29:43,486 [Worker-2: Loading available Gradle versions] INFO  o.e.b.c.i.u.g.PublishedGradleVersions - Gradle version information cache is up-to-date. Trying to read.
2021-06-29 20:04:08,378 [Worker-23: Building] INFO  o.e.m.c.i.embedder.EclipseLogger - Using 'UTF-8' encoding to copy filtered resources.
2021-06-29 20:04:08,452 [Worker-23: Building] INFO  o.e.m.c.i.embedder.EclipseLogger - Using 'UTF-8' encoding to copy filtered properties files.
2021-06-29 20:04:08,473 [Worker-23: Building] INFO  o.e.m.c.i.embedder.EclipseLogger - Copying 1 resource
2021-06-29 20:04:08,567 [Worker-23: Building] INFO  o.e.m.c.i.embedder.EclipseLogger - Copying 0 resource
2021-06-29 20:04:08,573 [Worker-23: Building] INFO  o.e.m.c.i.embedder.EclipseLogger - Using 'UTF-8' encoding to copy filtered resources.
2021-06-29 20:04:08,573 [Worker-23: Building] INFO  o.e.m.c.i.embedder.EclipseLogger - Using 'UTF-8' encoding to copy filtered properties files.
2021-06-29 20:04:08,573 [Worker-23: Building] INFO  o.e.m.c.i.embedder.EclipseLogger - skip non existing resourceDirectory D:\ApiRest do zero a AWS - Leandro - Udemy\projetos\UdemySpringBootLeandro\RestWithSpringBootUdemy\ProjetoInicial\rest-with-spring-boot-udemy - calculadora\src\test\resources
2021-06-29 20:08:11,752 [Worker-21: Building] INFO  o.e.m.c.i.embedder.EclipseLogger - Using 'UTF-8' encoding to copy filtered resources.
2021-06-29 20:08:11,752 [Worker-21: Building] INFO  o.e.m.c.i.embedder.EclipseLogger - Using 'UTF-8' encoding to copy filtered properties files.
2021-06-29 20:08:11,793 [Worker-21: Building] INFO  o.e.m.c.i.embedder.EclipseLogger - Copying 1 resource
2021-06-29 20:08:11,836 [Worker-21: Building] INFO  o.e.m.c.i.embedder.EclipseLogger - Copying 0 resource
2021-06-29 20:08:11,841 [Worker-21: Building] INFO  o.e.m.c.i.embedder.EclipseLogger - Using 'UTF-8' encoding to copy filtered resources.
2021-06-29 20:08:11,841 [Worker-21: Building] INFO  o.e.m.c.i.embedder.EclipseLogger - Using 'UTF-8' encoding to copy filtered properties files.
2021-06-29 20:08:11,841 [Worker-21: Building] INFO  o.e.m.c.i.embedder.EclipseLogger - skip non existing resourceDirectory D:\ApiRest do zero a AWS - Leandro - Udemy\projetos\UdemySpringBootLeandro\RestWithSpringBootUdemy\ProjetoInicial\rest-with-spring-boot-udemy - calculadora\src\test\resources
2021-06-29 20:12:54,931 [Worker-26: Building] INFO  o.e.m.c.i.embedder.EclipseLogger - Using 'UTF-8' encoding to copy filtered resources.
2021-06-29 20:12:54,931 [Worker-26: Building] INFO  o.e.m.c.i.embedder.EclipseLogger - Using 'UTF-8' encoding to copy filtered properties files.
2021-06-29 20:12:54,932 [Worker-26: Building] INFO  o.e.m.c.i.embedder.EclipseLogger - Copying 1 resource
2021-06-29 20:12:54,944 [Worker-26: Building] INFO  o.e.m.c.i.embedder.EclipseLogger - Copying 0 resource
2021-06-29 20:12:54,948 [Worker-26: Building] INFO  o.e.m.c.i.embedder.EclipseLogger - Using 'UTF-8' encoding to copy filtered resources.
2021-06-29 20:12:54,948 [Worker-26: Building] INFO  o.e.m.c.i.embedder.EclipseLogger - Using 'UTF-8' encoding to copy filtered properties files.
2021-06-29 20:12:54,948 [Worker-26: Building] INFO  o.e.m.c.i.embedder.EclipseLogger - skip non existing resourceDirectory D:\ApiRest do zero a AWS - Leandro - Udemy\projetos\UdemySpringBootLeandro\RestWithSpringBootUdemy\ProjetoInicial\rest-with-spring-boot-udemy - calculadora\src\test\resources
2021-06-29 20:15:15,662 [Worker-23: Building] INFO  o.e.m.c.i.embedder.EclipseLogger - Using 'UTF-8' encoding to copy filtered resources.
2021-06-29 20:15:15,662 [Worker-23: Building] INFO  o.e.m.c.i.embedder.EclipseLogger - Using 'UTF-8' encoding to copy filtered properties files.
2021-06-29 20:15:15,667 [Worker-23: Building] INFO  o.e.m.c.i.embedder.EclipseLogger - Copying 1 resource
2021-06-29 20:15:15,695 [Worker-23: Building] INFO  o.e.m.c.i.embedder.EclipseLogger - Copying 0 resource
2021-06-29 20:15:15,699 [Worker-23: Building] INFO  o.e.m.c.i.embedder.EclipseLogger - Using 'UTF-8' encoding to copy filtered resources.
2021-06-29 20:15:15,700 [Worker-23: Building] INFO  o.e.m.c.i.embedder.EclipseLogger - Using 'UTF-8' encoding to copy filtered properties files.
2021-06-29 20:15:15,700 [Worker-23: Building] INFO  o.e.m.c.i.embedder.EclipseLogger - skip non existing resourceDirectory D:\ApiRest do zero a AWS - Leandro - Udemy\projetos\UdemySpringBootLeandro\RestWithSpringBootUdemy\ProjetoInicial\rest-with-spring-boot-udemy - calculadora\src\test\resources
2021-06-29 20:17:23,260 [Worker-31: Building] INFO  o.e.m.c.i.embedder.EclipseLogger - Using 'UTF-8' encoding to copy filtered resources.
2021-06-29 20:17:23,261 [Worker-31: Building] INFO  o.e.m.c.i.embedder.EclipseLogger - Using 'UTF-8' encoding to copy filtered properties files.
2021-06-29 20:17:23,262 [Worker-31: Building] INFO  o.e.m.c.i.embedder.EclipseLogger - Copying 1 resource
2021-06-29 20:17:23,274 [Worker-31: Building] INFO  o.e.m.c.i.embedder.EclipseLogger - Copying 0 resource
2021-06-29 20:17:23,278 [Worker-31: Building] INFO  o.e.m.c.i.embedder.EclipseLogger - Using 'UTF-8' encoding to copy filtered resources.
2021-06-29 20:17:23,278 [Worker-31: Building] INFO  o.e.m.c.i.embedder.EclipseLogger - Using 'UTF-8' encoding to copy filtered properties files.
2021-06-29 20:17:23,278 [Worker-31: Building] INFO  o.e.m.c.i.embedder.EclipseLogger - skip non existing resourceDirectory D:\ApiRest do zero a AWS - Leandro - Udemy\projetos\UdemySpringBootLeandro\RestWithSpringBootUdemy\ProjetoInicial\rest-with-spring-boot-udemy - calculadora\src\test\resources
2021-06-29 20:18:23,641 [Worker-23: Building] INFO  o.e.m.c.i.embedder.EclipseLogger - Using 'UTF-8' encoding to copy filtered resources.
2021-06-29 20:18:23,641 [Worker-23: Building] INFO  o.e.m.c.i.embedder.EclipseLogger - Using 'UTF-8' encoding to copy filtered properties files.
2021-06-29 20:18:23,641 [Worker-23: Building] INFO  o.e.m.c.i.embedder.EclipseLogger - Copying 1 resource
2021-06-29 20:18:23,656 [Worker-23: Building] INFO  o.e.m.c.i.embedder.EclipseLogger - Copying 0 resource
2021-06-29 20:18:23,659 [Worker-23: Building] INFO  o.e.m.c.i.embedder.EclipseLogger - Using 'UTF-8' encoding to copy filtered resources.
2021-06-29 20:18:23,659 [Worker-23: Building] INFO  o.e.m.c.i.embedder.EclipseLogger - Using 'UTF-8' encoding to copy filtered properties files.
2021-06-29 20:18:23,659 [Worker-23: Building] INFO  o.e.m.c.i.embedder.EclipseLogger - skip non existing resourceDirectory D:\ApiRest do zero a AWS - Leandro - Udemy\projetos\UdemySpringBootLeandro\RestWithSpringBootUdemy\ProjetoInicial\rest-with-spring-boot-udemy - calculadora\src\test\resources
2021-06-29 20:20:11,226 [Worker-23: Building] INFO  o.e.m.c.i.embedder.EclipseLogger - Using 'UTF-8' encoding to copy filtered resources.
2021-06-29 20:20:11,226 [Worker-23: Building] INFO  o.e.m.c.i.embedder.EclipseLogger - Using 'UTF-8' encoding to copy filtered properties files.
2021-06-29 20:20:11,226 [Worker-23: Building] INFO  o.e.m.c.i.embedder.EclipseLogger - Copying 1 resource
2021-06-29 20:20:11,235 [Worker-23: Building] INFO  o.e.m.c.i.embedder.EclipseLogger - Copying 0 resource
2021-06-29 20:20:11,238 [Worker-23: Building] INFO  o.e.m.c.i.embedder.EclipseLogger - Using 'UTF-8' encoding to copy filtered resources.
2021-06-29 20:20:11,239 [Worker-23: Building] INFO  o.e.m.c.i.embedder.EclipseLogger - Using 'UTF-8' encoding to copy filtered properties files.
2021-06-29 20:20:11,239 [Worker-23: Building] INFO  o.e.m.c.i.embedder.EclipseLogger - skip non existing resourceDirectory D:\ApiRest do zero a AWS - Leandro - Udemy\projetos\UdemySpringBootLeandro\RestWithSpringBootUdemy\ProjetoInicial\rest-with-spring-boot-udemy - calculadora\src\test\resources
2021-06-29 20:21:42,115 [Worker-30: Building] INFO  o.e.m.c.i.embedder.EclipseLogger - Using 'UTF-8' encoding to copy filtered resources.
2021-06-29 20:21:42,116 [Worker-30: Building] INFO  o.e.m.c.i.embedder.EclipseLogger - Using 'UTF-8' encoding to copy filtered properties files.
2021-06-29 20:21:42,116 [Worker-30: Building] INFO  o.e.m.c.i.embedder.EclipseLogger - Copying 1 resource
2021-06-29 20:21:42,124 [Worker-30: Building] INFO  o.e.m.c.i.embedder.EclipseLogger - Copying 0 resource
2021-06-29 20:21:42,133 [Worker-30: Building] INFO  o.e.m.c.i.embedder.EclipseLogger - Using 'UTF-8' encoding to copy filtered resources.
2021-06-29 20:21:42,133 [Worker-30: Building] INFO  o.e.m.c.i.embedder.EclipseLogger - Using 'UTF-8' encoding to copy filtered properties files.
2021-06-29 20:21:42,133 [Worker-30: Building] INFO  o.e.m.c.i.embedder.EclipseLogger - skip non existing resourceDirectory D:\ApiRest do zero a AWS - Leandro - Udemy\projetos\UdemySpringBootLeandro\RestWithSpringBootUdemy\ProjetoInicial\rest-with-spring-boot-udemy - calculadora\src\test\resources
2021-06-29 20:22:58,875 [Worker-28: Building] INFO  o.e.m.c.i.embedder.EclipseLogger - Using 'UTF-8' encoding to copy filtered resources.
2021-06-29 20:22:58,876 [Worker-28: Building] INFO  o.e.m.c.i.embedder.EclipseLogger - Using 'UTF-8' encoding to copy filtered properties files.
2021-06-29 20:22:58,876 [Worker-28: Building] INFO  o.e.m.c.i.embedder.EclipseLogger - Copying 1 resource
2021-06-29 20:22:58,892 [Worker-28: Building] INFO  o.e.m.c.i.embedder.EclipseLogger - Copying 0 resource
2021-06-29 20:22:58,896 [Worker-28: Building] INFO  o.e.m.c.i.embedder.EclipseLogger - Using 'UTF-8' encoding to copy filtered resources.
2021-06-29 20:22:58,896 [Worker-28: Building] INFO  o.e.m.c.i.embedder.EclipseLogger - Using 'UTF-8' encoding to copy filtered properties files.
2021-06-29 20:22:58,896 [Worker-28: Building] INFO  o.e.m.c.i.embedder.EclipseLogger - skip non existing resourceDirectory D:\ApiRest do zero a AWS - Leandro - Udemy\projetos\UdemySpringBootLeandro\RestWithSpringBootUdemy\ProjetoInicial\rest-with-spring-boot-udemy - calculadora\src\test\resources
2021-06-29 20:24:24,134 [Worker-28: Building] INFO  o.e.m.c.i.embedder.EclipseLogger - Using 'UTF-8' encoding to copy filtered resources.
2021-06-29 20:24:24,134 [Worker-28: Building] INFO  o.e.m.c.i.embedder.EclipseLogger - Using 'UTF-8' encoding to copy filtered properties files.
2021-06-29 20:24:24,135 [Worker-28: Building] INFO  o.e.m.c.i.embedder.EclipseLogger - Copying 1 resource
2021-06-29 20:24:24,155 [Worker-28: Building] INFO  o.e.m.c.i.embedder.EclipseLogger - Copying 0 resource
2021-06-29 20:24:24,160 [Worker-28: Building] INFO  o.e.m.c.i.embedder.EclipseLogger - Using 'UTF-8' encoding to copy filtered resources.
2021-06-29 20:24:24,160 [Worker-28: Building] INFO  o.e.m.c.i.embedder.EclipseLogger - Using 'UTF-8' encoding to copy filtered properties files.
2021-06-29 20:24:24,161 [Worker-28: Building] INFO  o.e.m.c.i.embedder.EclipseLogger - skip non existing resourceDirectory D:\ApiRest do zero a AWS - Leandro - Udemy\projetos\UdemySpringBootLeandro\RestWithSpringBootUdemy\ProjetoInicial\rest-with-spring-boot-udemy - calculadora\src\test\resources
2021-06-29 20:25:01,142 [Worker-23: Building] INFO  o.e.m.c.i.embedder.EclipseLogger - Using 'UTF-8' encoding to copy filtered resources.
2021-06-29 20:25:01,143 [Worker-23: Building] INFO  o.e.m.c.i.embedder.EclipseLogger - Using 'UTF-8' encoding to copy filtered properties files.
2021-06-29 20:25:01,143 [Worker-23: Building] INFO  o.e.m.c.i.embedder.EclipseLogger - Copying 1 resource
2021-06-29 20:25:01,150 [Worker-23: Building] INFO  o.e.m.c.i.embedder.EclipseLogger - Copying 0 resource
2021-06-29 20:25:01,153 [Worker-23: Building] INFO  o.e.m.c.i.embedder.EclipseLogger - Using 'UTF-8' encoding to copy filtered resources.
2021-06-29 20:25:01,154 [Worker-23: Building] INFO  o.e.m.c.i.embedder.EclipseLogger - Using 'UTF-8' encoding to copy filtered properties files.
2021-06-29 20:25:01,154 [Worker-23: Building] INFO  o.e.m.c.i.embedder.EclipseLogger - skip non existing resourceDirectory D:\ApiRest do zero a AWS - Leandro - Udemy\projetos\UdemySpringBootLeandro\RestWithSpringBootUdemy\ProjetoInicial\rest-with-spring-boot-udemy - calculadora\src\test\resources
2021-06-29 20:25:14,228 [Worker-28: Building] INFO  o.e.m.c.i.embedder.EclipseLogger - Using 'UTF-8' encoding to copy filtered resources.
2021-06-29 20:25:14,228 [Worker-28: Building] INFO  o.e.m.c.i.embedder.EclipseLogger - Using 'UTF-8' encoding to copy filtered properties files.
2021-06-29 20:25:14,229 [Worker-28: Building] INFO  o.e.m.c.i.embedder.EclipseLogger - Copying 1 resource
2021-06-29 20:25:14,243 [Worker-28: Building] INFO  o.e.m.c.i.embedder.EclipseLogger - Copying 0 resource
2021-06-29 20:25:14,248 [Worker-28: Building] INFO  o.e.m.c.i.embedder.EclipseLogger - Using 'UTF-8' encoding to copy filtered resources.
2021-06-29 20:25:14,248 [Worker-28: Building] INFO  o.e.m.c.i.embedder.EclipseLogger - Using 'UTF-8' encoding to copy filtered properties files.
2021-06-29 20:25:14,248 [Worker-28: Building] INFO  o.e.m.c.i.embedder.EclipseLogger - skip non existing resourceDirectory D:\ApiRest do zero a AWS - Leandro - Udemy\projetos\UdemySpringBootLeandro\RestWithSpringBootUdemy\ProjetoInicial\rest-with-spring-boot-udemy - calculadora\src\test\resources
2021-06-29 20:25:48,093 [Worker-28: Building] INFO  o.e.m.c.i.embedder.EclipseLogger - Using 'UTF-8' encoding to copy filtered resources.
2021-06-29 20:25:48,093 [Worker-28: Building] INFO  o.e.m.c.i.embedder.EclipseLogger - Using 'UTF-8' encoding to copy filtered properties files.
2021-06-29 20:25:48,094 [Worker-28: Building] INFO  o.e.m.c.i.embedder.EclipseLogger - Copying 1 resource
2021-06-29 20:25:48,126 [Worker-28: Building] INFO  o.e.m.c.i.embedder.EclipseLogger - Copying 0 resource
2021-06-29 20:25:48,128 [Worker-28: Building] INFO  o.e.m.c.i.embedder.EclipseLogger - Using 'UTF-8' encoding to copy filtered resources.
2021-06-29 20:25:48,128 [Worker-28: Building] INFO  o.e.m.c.i.embedder.EclipseLogger - Using 'UTF-8' encoding to copy filtered properties files.
2021-06-29 20:25:48,128 [Worker-28: Building] INFO  o.e.m.c.i.embedder.EclipseLogger - skip non existing resourceDirectory D:\ApiRest do zero a AWS - Leandro - Udemy\projetos\UdemySpringBootLeandro\RestWithSpringBootUdemy\ProjetoInicial\rest-with-spring-boot-udemy - calculadora\src\test\resources
2021-06-29 20:26:20,505 [Worker-31: Building] INFO  o.e.m.c.i.embedder.EclipseLogger - Using 'UTF-8' encoding to copy filtered resources.
2021-06-29 20:26:20,506 [Worker-31: Building] INFO  o.e.m.c.i.embedder.EclipseLogger - Using 'UTF-8' encoding to copy filtered properties files.
2021-06-29 20:26:20,506 [Worker-31: Building] INFO  o.e.m.c.i.embedder.EclipseLogger - Copying 1 resource
2021-06-29 20:26:20,526 [Worker-31: Building] INFO  o.e.m.c.i.embedder.EclipseLogger - Copying 0 resource
2021-06-29 20:26:20,531 [Worker-31: Building] INFO  o.e.m.c.i.embedder.EclipseLogger - Using 'UTF-8' encoding to copy filtered resources.
2021-06-29 20:26:20,531 [Worker-31: Building] INFO  o.e.m.c.i.embedder.EclipseLogger - Using 'UTF-8' encoding to copy filtered properties files.
2021-06-29 20:26:20,531 [Worker-31: Building] INFO  o.e.m.c.i.embedder.EclipseLogger - skip non existing resourceDirectory D:\ApiRest do zero a AWS - Leandro - Udemy\projetos\UdemySpringBootLeandro\RestWithSpringBootUdemy\ProjetoInicial\rest-with-spring-boot-udemy - calculadora\src\test\resources
2021-06-29 20:29:46,824 [Worker-23: Building] INFO  o.e.m.c.i.embedder.EclipseLogger - Using 'UTF-8' encoding to copy filtered resources.
2021-06-29 20:29:46,824 [Worker-23: Building] INFO  o.e.m.c.i.embedder.EclipseLogger - Using 'UTF-8' encoding to copy filtered properties files.
2021-06-29 20:29:46,825 [Worker-23: Building] INFO  o.e.m.c.i.embedder.EclipseLogger - Copying 1 resource
2021-06-29 20:29:46,841 [Worker-23: Building] INFO  o.e.m.c.i.embedder.EclipseLogger - Copying 0 resource
2021-06-29 20:29:46,845 [Worker-23: Building] INFO  o.e.m.c.i.embedder.EclipseLogger - Using 'UTF-8' encoding to copy filtered resources.
2021-06-29 20:29:46,845 [Worker-23: Building] INFO  o.e.m.c.i.embedder.EclipseLogger - Using 'UTF-8' encoding to copy filtered properties files.
2021-06-29 20:29:46,845 [Worker-23: Building] INFO  o.e.m.c.i.embedder.EclipseLogger - skip non existing resourceDirectory D:\ApiRest do zero a AWS - Leandro - Udemy\projetos\UdemySpringBootLeandro\RestWithSpringBootUdemy\ProjetoInicial\rest-with-spring-boot-udemy - calculadora\src\test\resources
2021-06-29 20:32:56,286 [Worker-28: Building] INFO  o.e.m.c.i.embedder.EclipseLogger - Using 'UTF-8' encoding to copy filtered resources.
2021-06-29 20:32:56,286 [Worker-28: Building] INFO  o.e.m.c.i.embedder.EclipseLogger - Using 'UTF-8' encoding to copy filtered properties files.
2021-06-29 20:32:56,287 [Worker-28: Building] INFO  o.e.m.c.i.embedder.EclipseLogger - Copying 1 resource
2021-06-29 20:32:56,314 [Worker-28: Building] INFO  o.e.m.c.i.embedder.EclipseLogger - Copying 0 resource
2021-06-29 20:32:56,324 [Worker-28: Building] INFO  o.e.m.c.i.embedder.EclipseLogger - Using 'UTF-8' encoding to copy filtered resources.
2021-06-29 20:32:56,324 [Worker-28: Building] INFO  o.e.m.c.i.embedder.EclipseLogger - Using 'UTF-8' encoding to copy filtered properties files.
2021-06-29 20:32:56,324 [Worker-28: Building] INFO  o.e.m.c.i.embedder.EclipseLogger - skip non existing resourceDirectory D:\ApiRest do zero a AWS - Leandro - Udemy\projetos\UdemySpringBootLeandro\RestWithSpringBootUdemy\ProjetoInicial\rest-with-spring-boot-udemy - calculadora\src\test\resources
2021-06-29 20:34:52,800 [Worker-31: Building] INFO  o.e.m.c.i.embedder.EclipseLogger - Using 'UTF-8' encoding to copy filtered resources.
2021-06-29 20:34:52,801 [Worker-31: Building] INFO  o.e.m.c.i.embedder.EclipseLogger - Using 'UTF-8' encoding to copy filtered properties files.
2021-06-29 20:34:52,801 [Worker-31: Building] INFO  o.e.m.c.i.embedder.EclipseLogger - Copying 1 resource
2021-06-29 20:34:52,816 [Worker-31: Building] INFO  o.e.m.c.i.embedder.EclipseLogger - Copying 0 resource
2021-06-29 20:34:52,818 [Worker-31: Building] INFO  o.e.m.c.i.embedder.EclipseLogger - Using 'UTF-8' encoding to copy filtered resources.
2021-06-29 20:34:52,819 [Worker-31: Building] INFO  o.e.m.c.i.embedder.EclipseLogger - Using 'UTF-8' encoding to copy filtered properties files.
2021-06-29 20:34:52,819 [Worker-31: Building] INFO  o.e.m.c.i.embedder.EclipseLogger - skip non existing resourceDirectory D:\ApiRest do zero a AWS - Leandro - Udemy\projetos\UdemySpringBootLeandro\RestWithSpringBootUdemy\ProjetoInicial\rest-with-spring-boot-udemy - calculadora\src\test\resources
2021-06-29 20:37:21,977 [Worker-31: Building] INFO  o.e.m.c.i.embedder.EclipseLogger - Using 'UTF-8' encoding to copy filtered resources.
2021-06-29 20:37:21,977 [Worker-31: Building] INFO  o.e.m.c.i.embedder.EclipseLogger - Using 'UTF-8' encoding to copy filtered properties files.
2021-06-29 20:37:21,978 [Worker-31: Building] INFO  o.e.m.c.i.embedder.EclipseLogger - Copying 1 resource
2021-06-29 20:37:21,986 [Worker-31: Building] INFO  o.e.m.c.i.embedder.EclipseLogger - Copying 0 resource
2021-06-29 20:37:21,989 [Worker-31: Building] INFO  o.e.m.c.i.embedder.EclipseLogger - Using 'UTF-8' encoding to copy filtered resources.
2021-06-29 20:37:21,989 [Worker-31: Building] INFO  o.e.m.c.i.embedder.EclipseLogger - Using 'UTF-8' encoding to copy filtered properties files.
2021-06-29 20:37:21,989 [Worker-31: Building] INFO  o.e.m.c.i.embedder.EclipseLogger - skip non existing resourceDirectory D:\ApiRest do zero a AWS - Leandro - Udemy\projetos\UdemySpringBootLeandro\RestWithSpringBootUdemy\ProjetoInicial\rest-with-spring-boot-udemy - calculadora\src\test\resources
2021-06-29 20:41:36,171 [Worker-37: Building] INFO  o.e.m.c.i.embedder.EclipseLogger - Using 'UTF-8' encoding to copy filtered resources.
2021-06-29 20:41:36,171 [Worker-37: Building] INFO  o.e.m.c.i.embedder.EclipseLogger - Using 'UTF-8' encoding to copy filtered properties files.
2021-06-29 20:41:36,171 [Worker-37: Building] INFO  o.e.m.c.i.embedder.EclipseLogger - Copying 1 resource
2021-06-29 20:41:36,190 [Worker-37: Building] INFO  o.e.m.c.i.embedder.EclipseLogger - Copying 0 resource
2021-06-29 20:41:36,194 [Worker-37: Building] INFO  o.e.m.c.i.embedder.EclipseLogger - Using 'UTF-8' encoding to copy filtered resources.
2021-06-29 20:41:36,194 [Worker-37: Building] INFO  o.e.m.c.i.embedder.EclipseLogger - Using 'UTF-8' encoding to copy filtered properties files.
2021-06-29 20:41:36,194 [Worker-37: Building] INFO  o.e.m.c.i.embedder.EclipseLogger - skip non existing resourceDirectory D:\ApiRest do zero a AWS - Leandro - Udemy\projetos\UdemySpringBootLeandro\RestWithSpringBootUdemy\ProjetoInicial\rest-with-spring-boot-udemy - calculadora\src\test\resources
2021-06-29 20:43:04,985 [Worker-31: Building] INFO  o.e.m.c.i.embedder.EclipseLogger - Using 'UTF-8' encoding to copy filtered resources.
2021-06-29 20:43:04,985 [Worker-31: Building] INFO  o.e.m.c.i.embedder.EclipseLogger - Using 'UTF-8' encoding to copy filtered properties files.
2021-06-29 20:43:04,986 [Worker-31: Building] INFO  o.e.m.c.i.embedder.EclipseLogger - Copying 1 resource
2021-06-29 20:43:05,031 [Worker-31: Building] INFO  o.e.m.c.i.embedder.EclipseLogger - Copying 0 resource
2021-06-29 20:43:05,036 [Worker-31: Building] INFO  o.e.m.c.i.embedder.EclipseLogger - Using 'UTF-8' encoding to copy filtered resources.
2021-06-29 20:43:05,036 [Worker-31: Building] INFO  o.e.m.c.i.embedder.EclipseLogger - Using 'UTF-8' encoding to copy filtered properties files.
2021-06-29 20:43:05,036 [Worker-31: Building] INFO  o.e.m.c.i.embedder.EclipseLogger - skip non existing resourceDirectory D:\ApiRest do zero a AWS - Leandro - Udemy\projetos\UdemySpringBootLeandro\RestWithSpringBootUdemy\ProjetoInicial\rest-with-spring-boot-udemy - calculadora\src\test\resources
2021-06-29 20:45:26,793 [Worker-37: Building] INFO  o.e.m.c.i.embedder.EclipseLogger - Using 'UTF-8' encoding to copy filtered resources.
2021-06-29 20:45:26,794 [Worker-37: Building] INFO  o.e.m.c.i.embedder.EclipseLogger - Using 'UTF-8' encoding to copy filtered properties files.
2021-06-29 20:45:26,794 [Worker-37: Building] INFO  o.e.m.c.i.embedder.EclipseLogger - Copying 1 resource
2021-06-29 20:45:26,807 [Worker-37: Building] INFO  o.e.m.c.i.embedder.EclipseLogger - Copying 0 resource
2021-06-29 20:45:26,809 [Worker-37: Building] INFO  o.e.m.c.i.embedder.EclipseLogger - Using 'UTF-8' encoding to copy filtered resources.
2021-06-29 20:45:26,810 [Worker-37: Building] INFO  o.e.m.c.i.embedder.EclipseLogger - Using 'UTF-8' encoding to copy filtered properties files.
2021-06-29 20:45:26,810 [Worker-37: Building] INFO  o.e.m.c.i.embedder.EclipseLogger - skip non existing resourceDirectory D:\ApiRest do zero a AWS - Leandro - Udemy\projetos\UdemySpringBootLeandro\RestWithSpringBootUdemy\ProjetoInicial\rest-with-spring-boot-udemy - calculadora\src\test\resources
2021-06-29 20:47:07,146 [Worker-36: Building] INFO  o.e.m.c.i.embedder.EclipseLogger - Using 'UTF-8' encoding to copy filtered resources.
2021-06-29 20:47:07,146 [Worker-36: Building] INFO  o.e.m.c.i.embedder.EclipseLogger - Using 'UTF-8' encoding to copy filtered properties files.
2021-06-29 20:47:07,147 [Worker-36: Building] INFO  o.e.m.c.i.embedder.EclipseLogger - Copying 1 resource
2021-06-29 20:47:07,173 [Worker-36: Building] INFO  o.e.m.c.i.embedder.EclipseLogger - Copying 0 resource
2021-06-29 20:47:07,177 [Worker-36: Building] INFO  o.e.m.c.i.embedder.EclipseLogger - Using 'UTF-8' encoding to copy filtered resources.
2021-06-29 20:47:07,177 [Worker-36: Building] INFO  o.e.m.c.i.embedder.EclipseLogger - Using 'UTF-8' encoding to copy filtered properties files.
2021-06-29 20:47:07,177 [Worker-36: Building] INFO  o.e.m.c.i.embedder.EclipseLogger - skip non existing resourceDirectory D:\ApiRest do zero a AWS - Leandro - Udemy\projetos\UdemySpringBootLeandro\RestWithSpringBootUdemy\ProjetoInicial\rest-with-spring-boot-udemy - calculadora\src\test\resources
2021-06-29 20:47:58,082 [Worker-37: Building] INFO  o.e.m.c.i.embedder.EclipseLogger - Using 'UTF-8' encoding to copy filtered resources.
2021-06-29 20:47:58,082 [Worker-37: Building] INFO  o.e.m.c.i.embedder.EclipseLogger - Using 'UTF-8' encoding to copy filtered properties files.
2021-06-29 20:47:58,082 [Worker-37: Building] INFO  o.e.m.c.i.embedder.EclipseLogger - Copying 1 resource
2021-06-29 20:47:58,093 [Worker-37: Building] INFO  o.e.m.c.i.embedder.EclipseLogger - Copying 0 resource
2021-06-29 20:47:58,096 [Worker-37: Building] INFO  o.e.m.c.i.embedder.EclipseLogger - Using 'UTF-8' encoding to copy filtered resources.
2021-06-29 20:47:58,096 [Worker-37: Building] INFO  o.e.m.c.i.embedder.EclipseLogger - Using 'UTF-8' encoding to copy filtered properties files.
2021-06-29 20:47:58,096 [Worker-37: Building] INFO  o.e.m.c.i.embedder.EclipseLogger - skip non existing resourceDirectory D:\ApiRest do zero a AWS - Leandro - Udemy\projetos\UdemySpringBootLeandro\RestWithSpringBootUdemy\ProjetoInicial\rest-with-spring-boot-udemy - calculadora\src\test\resources
2021-06-29 21:10:19,938 [Worker-0: Loading available Gradle versions] INFO  o.e.b.c.i.u.g.PublishedGradleVersions - Gradle version information cache is up-to-date. Trying to read.
2021-06-29 21:11:25,763 [Worker-2: Building] INFO  o.e.m.c.i.embedder.EclipseLogger - Using 'UTF-8' encoding to copy filtered resources.
2021-06-29 21:11:25,768 [Worker-2: Building] INFO  o.e.m.c.i.embedder.EclipseLogger - Using 'UTF-8' encoding to copy filtered properties files.
2021-06-29 21:11:25,775 [Worker-2: Building] INFO  o.e.m.c.i.embedder.EclipseLogger - Copying 1 resource
2021-06-29 21:11:25,810 [Worker-2: Building] INFO  o.e.m.c.i.embedder.EclipseLogger - Copying 0 resource
2021-06-29 21:11:25,818 [Worker-2: Building] INFO  o.e.m.c.i.embedder.EclipseLogger - Using 'UTF-8' encoding to copy filtered resources.
2021-06-29 21:11:25,818 [Worker-2: Building] INFO  o.e.m.c.i.embedder.EclipseLogger - Using 'UTF-8' encoding to copy filtered properties files.
2021-06-29 21:11:25,819 [Worker-2: Building] INFO  o.e.m.c.i.embedder.EclipseLogger - skip non existing resourceDirectory D:\ApiRest do zero a AWS - Leandro - Udemy\projetos\UdemySpringBootLeandro\RestWithSpringBootUdemy\ProjetoInicial\rest-with-spring-boot-udemy - calculadora\src\test\resources
2021-06-29 21:14:01,330 [Worker-4: Building] INFO  o.e.m.c.i.embedder.EclipseLogger - Using 'UTF-8' encoding to copy filtered resources.
2021-06-29 21:14:01,330 [Worker-4: Building] INFO  o.e.m.c.i.embedder.EclipseLogger - Using 'UTF-8' encoding to copy filtered properties files.
2021-06-29 21:14:01,349 [Worker-4: Building] INFO  o.e.m.c.i.embedder.EclipseLogger - Copying 0 resource
2021-06-29 21:14:01,349 [Worker-4: Building] INFO  o.e.m.c.i.embedder.EclipseLogger - Copying 0 resource
2021-06-29 21:14:01,356 [Worker-4: Building] INFO  o.e.m.c.i.embedder.EclipseLogger - Using 'UTF-8' encoding to copy filtered resources.
2021-06-29 21:14:01,357 [Worker-4: Building] INFO  o.e.m.c.i.embedder.EclipseLogger - Using 'UTF-8' encoding to copy filtered properties files.
2021-06-29 21:14:01,357 [Worker-4: Building] INFO  o.e.m.c.i.embedder.EclipseLogger - skip non existing resourceDirectory D:\ApiRest do zero a AWS - Leandro - Udemy\projetos\UdemySpringBootLeandro\RestWithSpringBootUdemy\ProjetoInicial\rest-with-spring-boot-udemy - calculadora\src\test\resources
2021-06-29 21:20:19,966 [Worker-12: Building] INFO  o.e.m.c.i.embedder.EclipseLogger - Using 'UTF-8' encoding to copy filtered resources.
2021-06-29 21:20:19,966 [Worker-12: Building] INFO  o.e.m.c.i.embedder.EclipseLogger - Using 'UTF-8' encoding to copy filtered properties files.
2021-06-29 21:20:19,967 [Worker-12: Building] INFO  o.e.m.c.i.embedder.EclipseLogger - Copying 1 resource
2021-06-29 21:20:20,001 [Worker-12: Building] INFO  o.e.m.c.i.embedder.EclipseLogger - Copying 0 resource
2021-06-29 21:20:20,004 [Worker-12: Building] INFO  o.e.m.c.i.embedder.EclipseLogger - Using 'UTF-8' encoding to copy filtered resources.
2021-06-29 21:20:20,005 [Worker-12: Building] INFO  o.e.m.c.i.embedder.EclipseLogger - Using 'UTF-8' encoding to copy filtered properties files.
2021-06-29 21:20:20,005 [Worker-12: Building] INFO  o.e.m.c.i.embedder.EclipseLogger - skip non existing resourceDirectory D:\ApiRest do zero a AWS - Leandro - Udemy\projetos\UdemySpringBootLeandro\RestWithSpringBootUdemy\ProjetoInicial\rest-with-spring-boot-udemy - calculadora\src\test\resources
2021-06-29 21:21:36,562 [Worker-14: Building] INFO  o.e.m.c.i.embedder.EclipseLogger - Using 'UTF-8' encoding to copy filtered resources.
2021-06-29 21:21:36,562 [Worker-14: Building] INFO  o.e.m.c.i.embedder.EclipseLogger - Using 'UTF-8' encoding to copy filtered properties files.
2021-06-29 21:21:36,562 [Worker-14: Building] INFO  o.e.m.c.i.embedder.EclipseLogger - Copying 0 resource
2021-06-29 21:21:36,563 [Worker-14: Building] INFO  o.e.m.c.i.embedder.EclipseLogger - Copying 0 resource
2021-06-29 21:21:36,567 [Worker-14: Building] INFO  o.e.m.c.i.embedder.EclipseLogger - Using 'UTF-8' encoding to copy filtered resources.
2021-06-29 21:21:36,569 [Worker-14: Building] INFO  o.e.m.c.i.embedder.EclipseLogger - Using 'UTF-8' encoding to copy filtered properties files.
2021-06-29 21:21:36,569 [Worker-14: Building] INFO  o.e.m.c.i.embedder.EclipseLogger - skip non existing resourceDirectory D:\ApiRest do zero a AWS - Leandro - Udemy\projetos\UdemySpringBootLeandro\RestWithSpringBootUdemy\ProjetoInicial\rest-with-spring-boot-udemy - calculadora\src\test\resources
2021-06-29 21:30:50,134 [Worker-0: Loading available Gradle versions] INFO  o.e.b.c.i.u.g.PublishedGradleVersions - Gradle version information cache is up-to-date. Trying to read.
2021-06-29 21:31:47,033 [Worker-2: Building] INFO  o.e.m.c.i.embedder.EclipseLogger - Using 'UTF-8' encoding to copy filtered resources.
2021-06-29 21:31:47,034 [Worker-2: Building] INFO  o.e.m.c.i.embedder.EclipseLogger - Using 'UTF-8' encoding to copy filtered properties files.
2021-06-29 21:31:47,041 [Worker-2: Building] INFO  o.e.m.c.i.embedder.EclipseLogger - Copying 1 resource
2021-06-29 21:31:47,105 [Worker-2: Building] INFO  o.e.m.c.i.embedder.EclipseLogger - Copying 0 resource
2021-06-29 21:31:47,115 [Worker-2: Building] INFO  o.e.m.c.i.embedder.EclipseLogger - Using 'UTF-8' encoding to copy filtered resources.
2021-06-29 21:31:47,116 [Worker-2: Building] INFO  o.e.m.c.i.embedder.EclipseLogger - Using 'UTF-8' encoding to copy filtered properties files.
2021-06-29 21:31:47,116 [Worker-2: Building] INFO  o.e.m.c.i.embedder.EclipseLogger - skip non existing resourceDirectory D:\ApiRest do zero a AWS - Leandro - Udemy\projetos\UdemySpringBootLeandro\RestWithSpringBootUdemy\ProjetoInicial\rest-with-spring-boot-udemy - calculadora\src\test\resources
2021-06-29 21:32:56,202 [Worker-5: Launching rest-with-spring-boot-udemy - calculadora - RestWithSpringBootUdemyApplication (1)] INFO  o.e.m.c.i.embedder.EclipseLogger - Using 'UTF-8' encoding to copy filtered resources.
2021-06-29 21:32:56,204 [Worker-5: Launching rest-with-spring-boot-udemy - calculadora - RestWithSpringBootUdemyApplication (1)] INFO  o.e.m.c.i.embedder.EclipseLogger - Using 'UTF-8' encoding to copy filtered properties files.
2021-06-29 21:32:56,206 [Worker-5: Launching rest-with-spring-boot-udemy - calculadora - RestWithSpringBootUdemyApplication (1)] INFO  o.e.m.c.i.embedder.EclipseLogger - Copying 0 resource
2021-06-29 21:32:56,206 [Worker-5: Launching rest-with-spring-boot-udemy - calculadora - RestWithSpringBootUdemyApplication (1)] INFO  o.e.m.c.i.embedder.EclipseLogger - Copying 0 resource
2021-06-29 21:32:56,212 [Worker-5: Launching rest-with-spring-boot-udemy - calculadora - RestWithSpringBootUdemyApplication (1)] INFO  o.e.m.c.i.embedder.EclipseLogger - Using 'UTF-8' encoding to copy filtered resources.
2021-06-29 21:32:56,212 [Worker-5: Launching rest-with-spring-boot-udemy - calculadora - RestWithSpringBootUdemyApplication (1)] INFO  o.e.m.c.i.embedder.EclipseLogger - Using 'UTF-8' encoding to copy filtered properties files.
2021-06-29 21:32:56,212 [Worker-5: Launching rest-with-spring-boot-udemy - calculadora - RestWithSpringBootUdemyApplication (1)] INFO  o.e.m.c.i.embedder.EclipseLogger - skip non existing resourceDirectory D:\ApiRest do zero a AWS - Leandro - Udemy\projetos\UdemySpringBootLeandro\RestWithSpringBootUdemy\ProjetoInicial\rest-with-spring-boot-udemy - calculadora\src\test\resources
2021-06-29 21:34:35,750 [Worker-0: Building] INFO  o.e.m.c.i.embedder.EclipseLogger - Using 'UTF-8' encoding to copy filtered resources.
2021-06-29 21:34:35,750 [Worker-0: Building] INFO  o.e.m.c.i.embedder.EclipseLogger - Using 'UTF-8' encoding to copy filtered properties files.
2021-06-29 21:34:35,754 [Worker-0: Building] INFO  o.e.m.c.i.embedder.EclipseLogger - Copying 1 resource
2021-06-29 21:34:35,768 [Worker-0: Building] INFO  o.e.m.c.i.embedder.EclipseLogger - Copying 0 resource
2021-06-29 21:34:35,774 [Worker-0: Building] INFO  o.e.m.c.i.embedder.EclipseLogger - Using 'UTF-8' encoding to copy filtered resources.
2021-06-29 21:34:35,781 [Worker-0: Building] INFO  o.e.m.c.i.embedder.EclipseLogger - Using 'UTF-8' encoding to copy filtered properties files.
2021-06-29 21:34:35,781 [Worker-0: Building] INFO  o.e.m.c.i.embedder.EclipseLogger - skip non existing resourceDirectory D:\ApiRest do zero a AWS - Leandro - Udemy\projetos\UdemySpringBootLeandro\RestWithSpringBootUdemy\ProjetoInicial\rest-with-spring-boot-udemy - calculadora\src\test\resources
2021-06-29 21:38:30,962 [Worker-12: Building] INFO  o.e.m.c.i.embedder.EclipseLogger - Using 'UTF-8' encoding to copy filtered resources.
2021-06-29 21:38:30,962 [Worker-12: Building] INFO  o.e.m.c.i.embedder.EclipseLogger - Using 'UTF-8' encoding to copy filtered properties files.
2021-06-29 21:38:30,963 [Worker-12: Building] INFO  o.e.m.c.i.embedder.EclipseLogger - Copying 1 resource
2021-06-29 21:38:30,989 [Worker-12: Building] INFO  o.e.m.c.i.embedder.EclipseLogger - Copying 0 resource
2021-06-29 21:38:30,993 [Worker-12: Building] INFO  o.e.m.c.i.embedder.EclipseLogger - Using 'UTF-8' encoding to copy filtered resources.
2021-06-29 21:38:30,993 [Worker-12: Building] INFO  o.e.m.c.i.embedder.EclipseLogger - Using 'UTF-8' encoding to copy filtered properties files.
2021-06-29 21:38:30,994 [Worker-12: Building] INFO  o.e.m.c.i.embedder.EclipseLogger - skip non existing resourceDirectory D:\ApiRest do zero a AWS - Leandro - Udemy\projetos\UdemySpringBootLeandro\RestWithSpringBootUdemy\ProjetoInicial\rest-with-spring-boot-udemy - calculadora\src\test\resources
2021-06-29 21:42:59,103 [Worker-14: Building] INFO  o.e.m.c.i.embedder.EclipseLogger - Using 'UTF-8' encoding to copy filtered resources.
2021-06-29 21:42:59,103 [Worker-14: Building] INFO  o.e.m.c.i.embedder.EclipseLogger - Using 'UTF-8' encoding to copy filtered properties files.
2021-06-29 21:42:59,104 [Worker-14: Building] INFO  o.e.m.c.i.embedder.EclipseLogger - Copying 1 resource
2021-06-29 21:42:59,119 [Worker-14: Building] INFO  o.e.m.c.i.embedder.EclipseLogger - Copying 0 resource
2021-06-29 21:42:59,123 [Worker-14: Building] INFO  o.e.m.c.i.embedder.EclipseLogger - Using 'UTF-8' encoding to copy filtered resources.
2021-06-29 21:42:59,123 [Worker-14: Building] INFO  o.e.m.c.i.embedder.EclipseLogger - Using 'UTF-8' encoding to copy filtered properties files.
2021-06-29 21:42:59,124 [Worker-14: Building] INFO  o.e.m.c.i.embedder.EclipseLogger - skip non existing resourceDirectory D:\ApiRest do zero a AWS - Leandro - Udemy\projetos\UdemySpringBootLeandro\RestWithSpringBootUdemy\ProjetoInicial\rest-with-spring-boot-udemy - calculadora\src\test\resources
2021-06-30 02:37:55,955 [Worker-3: Loading available Gradle versions] INFO  o.e.b.c.i.u.g.PublishedGradleVersions - Gradle version information cache is out-of-date. Trying to update.
2021-06-30 02:56:00,482 [Worker-1: Loading available Gradle versions] INFO  o.e.b.c.i.u.g.PublishedGradleVersions - Gradle version information cache is up-to-date. Trying to read.
